<?xml version="1.0" encoding="UTF-8"?>
<!-- Generated by org.testng.reporters.JUnitReportReporter -->
<testsuite hostname="Vasanth" name="org.sensiple.com.module1.CreateNewUser" tests="10" failures="0" timestamp="28 Dec 2020 08:14:56 GMT" time="13.402" errors="0">
  <testcase name="createNewUser" time="5.962" classname="org.sensiple.com.module1.CreateNewUser"/>
  <testcase name="createNewUser" time="0.717" classname="org.sensiple.com.module1.CreateNewUser"/>
  <testcase name="createNewUser" time="0.687" classname="org.sensiple.com.module1.CreateNewUser"/>
  <testcase name="createNewUser" time="0.731" classname="org.sensiple.com.module1.CreateNewUser"/>
  <testcase name="createNewUser" time="0.727" classname="org.sensiple.com.module1.CreateNewUser"/>
  <testcase name="createNewUser" time="1.005" classname="org.sensiple.com.module1.CreateNewUser"/>
  <testcase name="createNewUser" time="1.420" classname="org.sensiple.com.module1.CreateNewUser"/>
  <testcase name="createNewUser" time="0.710" classname="org.sensiple.com.module1.CreateNewUser"/>
  <testcase name="createNewUser" time="0.762" classname="org.sensiple.com.module1.CreateNewUser"/>
  <testcase name="createNewUser" time="0.681" classname="org.sensiple.com.module1.CreateNewUser"/>
</testsuite> <!-- org.sensiple.com.module1.CreateNewUser -->
