<?xml version="1.0" encoding="UTF-8"?>
<!-- Generated by org.testng.reporters.JUnitReportReporter -->
<testsuite hostname="CP000443" name="org.sensiple.com.module1.TestExcel" tests="1" failures="0" timestamp="10 Aug 2016 11:20:45 GMT" time="2.879" errors="0">
  <testcase name="test1" time="2.879" classname="org.sensiple.com.module1.TestExcel"/>
</testsuite> <!-- org.sensiple.com.module1.TestExcel -->
