<?xml version="1.0" encoding="UTF-8"?>
<!-- Generated by org.testng.reporters.JUnitReportReporter -->
<testsuite hostname="Vasanth" name="org.sensiple.com.openspan.VerifyUserLogin" tests="10" failures="0" timestamp="28 Dec 2020 09:02:54 GMT" time="33.506" errors="0">
  <testcase name="createNewUser" time="3.245" classname="org.sensiple.com.openspan.VerifyUserLogin"/>
  <testcase name="createNewUser" time="3.041" classname="org.sensiple.com.openspan.VerifyUserLogin"/>
  <testcase name="createNewUser" time="3.608" classname="org.sensiple.com.openspan.VerifyUserLogin"/>
  <testcase name="createNewUser" time="3.754" classname="org.sensiple.com.openspan.VerifyUserLogin"/>
  <testcase name="createNewUser" time="3.070" classname="org.sensiple.com.openspan.VerifyUserLogin"/>
  <testcase name="createNewUser" time="3.119" classname="org.sensiple.com.openspan.VerifyUserLogin"/>
  <testcase name="createNewUser" time="3.078" classname="org.sensiple.com.openspan.VerifyUserLogin"/>
  <testcase name="createNewUser" time="3.939" classname="org.sensiple.com.openspan.VerifyUserLogin"/>
  <testcase name="createNewUser" time="3.279" classname="org.sensiple.com.openspan.VerifyUserLogin"/>
  <testcase name="createNewUser" time="3.373" classname="org.sensiple.com.openspan.VerifyUserLogin"/>
</testsuite> <!-- org.sensiple.com.openspan.VerifyUserLogin -->
