<?xml version="1.0" encoding="UTF-8"?>
<!-- Generated by org.testng.reporters.JUnitReportReporter -->
<testsuite hostname="CP000443" name="org.sensiple.com.module.TestGmail" tests="2" failures="0" timestamp="9 Aug 2016 06:05:40 GMT" time="8.014" errors="0">
  <testcase name="verifyHomepageTitle" time="0.039" classname="org.sensiple.com.module.TestGmail"/>
  <testcase name="verifyUserLogin" time="7.975" classname="org.sensiple.com.module.TestGmail"/>
</testsuite> <!-- org.sensiple.com.module.TestGmail -->
