<?xml version="1.0" encoding="UTF-8"?>
<!-- Generated by org.testng.reporters.JUnitReportReporter -->
<testsuite hostname="CP000443" name="org.sensiple.com.module1.UserRegistration" tests="1" failures="0" timestamp="11 Aug 2016 09:43:43 GMT" time="0.009" errors="0">
  <testcase name="createUser" time="0.009" classname="org.sensiple.com.module1.UserRegistration"/>
</testsuite> <!-- org.sensiple.com.module1.UserRegistration -->
