<?xml version="1.0" encoding="UTF-8"?>
<!-- Generated by org.testng.reporters.JUnitReportReporter -->
<testsuite hostname="RaviCh-Temp" name="org.sensiple.com.module1.CreateNewUser" tests="10" failures="0" timestamp="18 Nov 2016 13:26:43 GMT" time="18.123" errors="0">
  <testcase name="createNewUser" time="1.213" classname="org.sensiple.com.module1.CreateNewUser"/>
  <testcase name="createNewUser" time="1.258" classname="org.sensiple.com.module1.CreateNewUser"/>
  <testcase name="createNewUser" time="1.263" classname="org.sensiple.com.module1.CreateNewUser"/>
  <testcase name="createNewUser" time="1.226" classname="org.sensiple.com.module1.CreateNewUser"/>
  <testcase name="createNewUser" time="1.240" classname="org.sensiple.com.module1.CreateNewUser"/>
  <testcase name="createNewUser" time="1.283" classname="org.sensiple.com.module1.CreateNewUser"/>
  <testcase name="createNewUser" time="1.211" classname="org.sensiple.com.module1.CreateNewUser"/>
  <testcase name="createNewUser" time="1.250" classname="org.sensiple.com.module1.CreateNewUser"/>
  <testcase name="createNewUser" time="6.896" classname="org.sensiple.com.module1.CreateNewUser"/>
  <testcase name="createNewUser" time="1.283" classname="org.sensiple.com.module1.CreateNewUser"/>
</testsuite> <!-- org.sensiple.com.module1.CreateNewUser -->
